<?xml version="1.0" encoding="UTF-8"?>
<!-- Generated by org.testng.reporters.JUnitReportReporter -->
<testsuite skipped="0" hostname="WKWIN2240768" name="test.HotelBookingTest" tests="1" failures="0" timestamp="14 Aug 2018 04:39:02 GMT" time="13.333" errors="0">
  <testcase name="shouldBeAbleToSearchForHotels" time="13.333" classname="test.HotelBookingTest"/>
</testsuite> <!-- test.HotelBookingTest -->
