<?xml version="1.0" encoding="UTF-8"?>
<!-- Generated by org.testng.reporters.JUnitReportReporter -->
<testsuite hostname="WKWIN2240768" name="test.HotelBookingTest" tests="1" failures="0" timestamp="14 Aug 2018 06:03:32 GMT" time="17.991" errors="0">
  <testcase name="shouldBeAbleToSearchForHotels" time="17.991" classname="test.HotelBookingTest"/>
</testsuite> <!-- test.HotelBookingTest -->
