<?xml version="1.0" encoding="UTF-8"?>
<!-- Generated by org.testng.reporters.JUnitReportReporter -->
<testsuite hostname="WKWIN2240768" name="test.FlightBookingTest" tests="1" failures="0" timestamp="14 Aug 2018 06:03:32 GMT" time="14.195" errors="0">
  <testcase name="testThatResultsAppearForAOneWayJourney" time="14.195" classname="test.FlightBookingTest"/>
</testsuite> <!-- test.FlightBookingTest -->
