<?xml version="1.0" encoding="UTF-8"?>
<!-- Generated by org.testng.reporters.JUnitReportReporter -->
<testsuite skipped="0" hostname="WKWIN2240768" name="HotelBookingTest" tests="1" failures="0" timestamp="13 Aug 2018 15:43:39 GMT" time="14.505" errors="0">
  <testcase name="shouldBeAbleToSearchForHotels" time="14.505" classname="HotelBookingTest"/>
</testsuite> <!-- HotelBookingTest -->
