<?xml version="1.0" encoding="UTF-8"?>
<!-- Generated by org.testng.reporters.JUnitReportReporter -->
<testsuite skipped="0" hostname="WKWIN2240768" name="SignInTest" tests="1" failures="0" timestamp="11 Aug 2018 16:51:07 GMT" time="19.692" errors="0">
  <testcase name="shouldThrowAnErrorIfSignInDetailsAreMissing" time="19.692" classname="SignInTest"/>
</testsuite> <!-- SignInTest -->
