<?xml version="1.0" encoding="UTF-8"?>
<!-- Generated by org.testng.reporters.JUnitReportReporter -->
<testsuite skipped="0" hostname="WKWIN2240768" name="test.SignInTest" tests="1" failures="0" timestamp="14 Aug 2018 04:47:46 GMT" time="10.983" errors="0">
  <testcase name="shouldThrowAnErrorIfSignInDetailsAreMissing" time="10.983" classname="test.SignInTest"/>
</testsuite> <!-- test.SignInTest -->
