<?xml version="1.0" encoding="UTF-8"?>
<!-- Generated by org.testng.reporters.JUnitReportReporter -->
<testsuite hostname="WKWIN2240768" name="test.SignInTest" tests="1" failures="0" timestamp="14 Aug 2018 06:03:32 GMT" time="10.658" errors="0">
  <testcase name="shouldThrowAnErrorIfSignInDetailsAreMissing" time="10.658" classname="test.SignInTest"/>
</testsuite> <!-- test.SignInTest -->
