<?xml version="1.0" encoding="UTF-8"?>
<!-- Generated by org.testng.reporters.JUnitReportReporter -->
<testsuite skipped="0" hostname="WKWIN2240768" name="FlightBookingTest" tests="1" failures="0" timestamp="11 Aug 2018 16:42:55 GMT" time="21.007" errors="0">
  <testcase name="testThatResultsAppearForAOneWayJourney" time="21.007" classname="FlightBookingTest"/>
</testsuite> <!-- FlightBookingTest -->
