<?xml version="1.0" encoding="UTF-8"?>
<!-- Generated by org.testng.reporters.JUnitReportReporter -->
<testsuite skipped="0" hostname="WKWIN2240768" name="SignInTest" tests="1" failures="0" timestamp="13 Aug 2018 15:47:07 GMT" time="9.248" errors="0">
  <testcase name="shouldThrowAnErrorIfSignInDetailsAreMissing" time="9.248" classname="SignInTest"/>
</testsuite> <!-- SignInTest -->
