<?xml version="1.0" encoding="UTF-8"?>
<!-- Generated by org.testng.reporters.JUnitReportReporter -->
<testsuite skipped="0" hostname="WKWIN2240768" name="test.FlightBookingTest" tests="1" failures="0" timestamp="14 Aug 2018 04:39:02 GMT" time="10.317" errors="0">
  <testcase name="testThatResultsAppearForAOneWayJourney" time="10.317" classname="test.FlightBookingTest"/>
</testsuite> <!-- test.FlightBookingTest -->
